

Version:	3.50
CmdLine:	D:\Proyectos\Java\Proyectos\Calculadora\Calculator.exe --l4j-debug
JNI:		No
WOW64:		Yes
Create mutex:	Calculator.exe
Working dir:	D:\Proyectos\Java\Proyectos\Calculadora\.
Requires JDK:	No
Requires 64-Bit: No
Java min ver:	
Java max ver:	
JRE paths:	JRE
Check launcher:	D:\Proyectos\Java\Proyectos\Calculadora\JRE\bin\javaw.exe (not found)
Error msg:	This application requires a Java Runtime Environment.


Version:	3.50
CmdLine:	D:\Proyectos\Java\Proyectos\Calculadora\Calculator.exe --l4j-debug
JNI:		No
WOW64:		Yes
Create mutex:	Calculator.exe
Working dir:	D:\Proyectos\Java\Proyectos\Calculadora\.
Requires JDK:	No
Requires 64-Bit: No
Java min ver:	
Java max ver:	
JRE paths:	JRE
Check launcher:	D:\Proyectos\Java\Proyectos\Calculadora\JRE\bin\javaw.exe (not found)
Error msg:	This application requires a Java Runtime Environment.


Version:	3.50
CmdLine:	D:\Proyectos\Java\Proyectos\Calculadora\Calculator.exe --l4j-debug
JNI:		No
WOW64:		Yes
Create mutex:	Calculator.exe
Working dir:	D:\Proyectos\Java\Proyectos\Calculadora\.
Requires JDK:	No
Requires 64-Bit: No
Java min ver:	
Java max ver:	
JRE paths:	JRE
Check launcher:	D:\Proyectos\Java\Proyectos\Calculadora\JRE\bin\javaw.exe (not found)
Error msg:	This application requires a Java Runtime Environment.


Version:	3.50
CmdLine:	D:\Proyectos\Java\Proyectos\Calculadora\Calculator.exe --l4j-debug
JNI:		No
WOW64:		Yes
Create mutex:	Calculator.exe
Working dir:	D:\Proyectos\Java\Proyectos\Calculadora\.
Requires JDK:	No
Requires 64-Bit: No
Java min ver:	
Java max ver:	
Substitute:	JAVA_HOME = C:\Program Files\Java\jdk-21.0.1
JRE paths:	C:\Program Files\Java\jdk-21.0.1
Check launcher:	C:\Program Files\Java\jdk-21.0.1\bin\javaw.exe (OK)
Version string: 1.021.000_001 / 64-Bit (OK)
Launcher:	C:\Program Files\Java\jdk-21.0.1\bin\javaw.exe
Launcher args:	-jar "D:\Proyectos\Java\Proyectos\Calculadora\Calculator.exe"
Args length:	61/32768 chars
Exit code:	0


Version:	3.50
CmdLine:	D:\Proyectos\Java\Proyectos\Calculadora\Calculator.exe --l4j-debug
JNI:		No
WOW64:		Yes
Create mutex:	Calculator.exe
Working dir:	D:\Proyectos\Java\Proyectos\Calculadora\.
Requires JDK:	No
Requires 64-Bit: No
Java min ver:	
Java max ver:	
Substitute:	JAVA_HOME = C:\Program Files\Java\jdk-21.0.1
JRE paths:	C:\Program Files\Java\jdk-21.0.1
Check launcher:	C:\Program Files\Java\jdk-21.0.1\bin\javaw.exe (OK)
Version string: 1.021.000_001 / 64-Bit (OK)
Launcher:	C:\Program Files\Java\jdk-21.0.1\bin\javaw.exe
Launcher args:	-jar "D:\Proyectos\Java\Proyectos\Calculadora\Calculator.exe"
Args length:	61/32768 chars
Exit code:	0


Version:	3.50
CmdLine:	D:\Proyectos\Java\Proyectos\Calculadora\Calculator.exe --l4j-debug
JNI:		No
WOW64:		Yes
Create mutex:	Calculator.exe
Working dir:	D:\Proyectos\Java\Proyectos\Calculadora\.
Requires JDK:	No
Requires 64-Bit: No
Java min ver:	
Java max ver:	
Substitute:	JAVA_HOME = C:\Program Files\Java\jdk-21.0.1
JRE paths:	C:\Program Files\Java\jdk-21.0.1
Check launcher:	C:\Program Files\Java\jdk-21.0.1\bin\javaw.exe (OK)
Version string: 1.021.000_001 / 64-Bit (OK)
Launcher:	C:\Program Files\Java\jdk-21.0.1\bin\javaw.exe
Launcher args:	-jar "D:\Proyectos\Java\Proyectos\Calculadora\Calculator.exe"
Args length:	61/32768 chars
Exit code:	0


Version:	3.50
CmdLine:	D:\Proyectos\Java\Proyectos\Calculadora\Calculator.exe --l4j-debug
JNI:		No
WOW64:		Yes
Create mutex:	Calculator.exe
Working dir:	D:\Proyectos\Java\Proyectos\Calculadora\.
Requires JDK:	No
Requires 64-Bit: No
Java min ver:	
Java max ver:	
Substitute:	JAVA_HOME = C:\Program Files\Java\jdk-21.0.1
JRE paths:	C:\Program Files\Java\jdk-21.0.1
Check launcher:	C:\Program Files\Java\jdk-21.0.1\bin\javaw.exe (OK)
Version string: 1.021.000_001 / 64-Bit (OK)
Launcher:	C:\Program Files\Java\jdk-21.0.1\bin\javaw.exe
Launcher args:	-jar "D:\Proyectos\Java\Proyectos\Calculadora\Calculator.exe"
Args length:	61/32768 chars
Exit code:	0


Version:	3.50
CmdLine:	D:\Proyectos\Java\Proyectos\SimpleCalculatorProject\Calculator.exe --l4j-debug
JNI:		No
WOW64:		Yes
Create mutex:	Calculator.exe
Working dir:	D:\Proyectos\Java\Proyectos\SimpleCalculatorProject\.
Requires JDK:	No
Requires 64-Bit: No
Java min ver:	
Java max ver:	
Substitute:	JAVA_HOME = C:\Program Files\Java\jdk-21.0.1
JRE paths:	C:\Program Files\Java\jdk-21.0.1
Check launcher:	C:\Program Files\Java\jdk-21.0.1\bin\javaw.exe (OK)
Version string: 1.021.000_001 / 64-Bit (OK)
Launcher:	C:\Program Files\Java\jdk-21.0.1\bin\javaw.exe
Launcher args:	-jar "D:\Proyectos\Java\Proyectos\SimpleCalculatorProject\Calculator.exe"
Args length:	73/32768 chars
Exit code:	0


Version:	3.50
CmdLine:	D:\Proyectos\Java\Proyectos\SimpleCalculatorProject\Calculator.exe --l4j-debug
JNI:		No
WOW64:		Yes
Create mutex:	Calculator.exe
Working dir:	D:\Proyectos\Java\Proyectos\SimpleCalculatorProject\.
Requires JDK:	No
Requires 64-Bit: No
Java min ver:	
Java max ver:	
Substitute:	JAVA_HOME = C:\Program Files\Java\jdk-21.0.1
JRE paths:	C:\Program Files\Java\jdk-21.0.1
Check launcher:	C:\Program Files\Java\jdk-21.0.1\bin\javaw.exe (OK)
Version string: 1.021.000_001 / 64-Bit (OK)
Launcher:	C:\Program Files\Java\jdk-21.0.1\bin\javaw.exe
Launcher args:	-jar "D:\Proyectos\Java\Proyectos\SimpleCalculatorProject\Calculator.exe"
Args length:	73/32768 chars
Exit code:	0
